<?xml version="1.0" encoding="utf-8"?><testsuites name="pytest tests"><testsuite name="pytest" errors="0" failures="0" skipped="0" tests="13" time="2.838" timestamp="2026-04-18T14:08:05.763922+00:00" hostname="agent-env-0209e789-a138-4400-8d02-0d8dbb0df846"><testcase classname="backend.tests.test_api.TestHealthEndpoint" name="test_health_returns_ok" time="0.133" /><testcase classname="backend.tests.test_api.TestAnalyzeEndpoint" name="test_analyze_wallet_address" time="0.105" /><testcase classname="backend.tests.test_api.TestAnalyzeEndpoint" name="test_analyze_token_address" time="0.104" /><testcase classname="backend.tests.test_api.TestAnalyzeEndpoint" name="test_analyze_invalid_address_returns_400" time="0.109" /><testcase classname="backend.tests.test_api.TestAnalyzeEndpoint" name="test_analyze_empty_address_returns_400" time="0.139" /><testcase classname="backend.tests.test_api.TestAnalyzeWalletEndpoint" name="test_analyze_wallet_dedicated_route" time="0.117" /><testcase classname="backend.tests.test_api.TestAnalyzeWalletEndpoint" name="test_analyze_wallet_invalid_returns_400" time="0.145" /><testcase classname="backend.tests.test_api.TestAnalyzeTokenEndpoint" name="test_analyze_token_dedicated_route" time="0.119" /><testcase classname="backend.tests.test_api.TestAnalyzeTokenEndpoint" name="test_analyze_token_invalid_returns_400" time="0.129" /><testcase classname="backend.tests.test_api.TestRecentScansEndpoint" name="test_recent_scans_returns_array" time="0.134" /><testcase classname="backend.tests.test_api.TestRecentScansEndpoint" name="test_recent_scans_with_limit" time="0.112" /><testcase classname="backend.tests.test_api.TestCaching" name="test_cache_hit_on_second_request" time="1.228" /><testcase classname="backend.tests.test_api.TestTrustedProgramsEndpoint" name="test_trusted_programs_returns_list" time="0.114" /></testsuite></testsuites>