<?xml version="1.0" encoding="utf-8"?><testsuites name="pytest tests"><testsuite name="pytest" errors="0" failures="0" skipped="0" tests="19" time="2.860" timestamp="2026-04-18T14:43:02.724859+00:00" hostname="agent-env-0209e789-a138-4400-8d02-0d8dbb0df846"><testcase classname="backend.tests.test_new_features.TestTokenLiquidityIntegration" name="test_usdc_token_has_liquidity_object" time="0.255" /><testcase classname="backend.tests.test_new_features.TestTokenLiquidityIntegration" name="test_usdc_has_positive_liquidity" time="0.131" /><testcase classname="backend.tests.test_new_features.TestTokenLiquidityIntegration" name="test_usdc_has_pairs_array" time="0.159" /><testcase classname="backend.tests.test_new_features.TestTokenLiquidityIntegration" name="test_usdc_has_price" time="0.163" /><testcase classname="backend.tests.test_new_features.TestTokenLiquidityScoring" name="test_usdc_has_healthy_liquidity_reason" time="0.132" /><testcase classname="backend.tests.test_new_features.TestTokenLiquidityScoring" name="test_usdc_score_around_55" time="0.110" /><testcase classname="backend.tests.test_new_features.TestTokenLiquidityScoring" name="test_token_reasons_include_authority_checks" time="0.104" /><testcase classname="backend.tests.test_new_features.TestWalletTxTimeline" name="test_wallet_has_tx_timeline" time="0.108" /><testcase classname="backend.tests.test_new_features.TestWalletTxTimeline" name="test_wallet_tx_timeline_has_30_buckets" time="0.152" /><testcase classname="backend.tests.test_new_features.TestWalletTxTimeline" name="test_wallet_tx_timeline_bucket_structure" time="0.111" /><testcase classname="backend.tests.test_new_features.TestWalletTxTimeline" name="test_wallet_tx_timeline_dates_are_valid" time="0.158" /><testcase classname="backend.tests.test_new_features.TestExtensionZipDownload" name="test_extension_zip_returns_200" time="0.106" /><testcase classname="backend.tests.test_new_features.TestExtensionZipDownload" name="test_extension_zip_has_content" time="0.121" /><testcase classname="backend.tests.test_new_features.TestExtensionZipDownload" name="test_extension_zip_is_valid_zip" time="0.164" /><testcase classname="backend.tests.test_new_features.TestExtensionZipDownload" name="test_extension_zip_contains_manifest" time="0.107" /><testcase classname="backend.tests.test_new_features.TestExtensionZipDownload" name="test_extension_zip_contains_required_files" time="0.147" /><testcase classname="backend.tests.test_new_features.TestExistingFeaturesStillWork" name="test_health_endpoint" time="0.110" /><testcase classname="backend.tests.test_new_features.TestExistingFeaturesStillWork" name="test_analyze_auto_detection" time="0.237" /><testcase classname="backend.tests.test_new_features.TestExistingFeaturesStillWork" name="test_recent_scans_endpoint" time="0.104" /></testsuite></testsuites>